nohup: ignoring input
2021-05-12 16:36:56.157074: W tensorflow/stream_executor/platform/default/dso_loader.cc:60] Could not load dynamic library 'libcudart.so.11.0'; dlerror: libcudart.so.11.0: cannot open shared object file: No such file or directory; LD_LIBRARY_PATH: /project/soft/linux64/src/gsl/2.4/lib64:/project/soft/linux64/src/gsl/2.4/lib:/usr/pgsql-12/lib:
2021-05-12 16:36:56.157108: I tensorflow/stream_executor/cuda/cudart_stub.cc:29] Ignore above cudart dlerror if you do not have a GPU set up on your machine.
[2021-05-12 16:36:57,840] [INFO] Set up nlp object from config
[2021-05-12 16:36:57,849] [INFO] Pipeline: ['tok2vec', 'ner']
[2021-05-12 16:36:57,853] [INFO] Created vocabulary
[2021-05-12 16:37:00,343] [INFO] Added vectors: en_core_web_lg
[2021-05-12 16:37:00,343] [INFO] Finished initializing nlp object
[2021-05-12 16:37:02,303] [INFO] Initialized pipeline components: ['tok2vec', 'ner']
[38;5;2m✔ Created output directory: output[0m
[38;5;4mℹ Using CPU[0m
[1m
=========================== Initializing pipeline ===========================[0m
[38;5;2m✔ Initialized pipeline[0m
[1m
============================= Training pipeline =============================[0m
[38;5;4mℹ Pipeline: ['tok2vec', 'ner'][0m
[38;5;4mℹ Initial learn rate: 0.001[0m
E    #       LOSS TOK2VEC  LOSS NER  ENTS_F  ENTS_P  ENTS_R  SCORE 
---  ------  ------------  --------  ------  ------  ------  ------
  0       0          0.00     31.17    0.10    0.07    0.16    0.00
  0     200          6.95    814.10   88.39   83.66   93.69    0.88
  1     400         19.06    296.59   88.94   80.38   99.53    0.89
  2     600         35.49    251.24   87.48   81.22   94.79    0.87
  3     800         72.51    189.60   81.60   82.79   80.44    0.82
  5    1000        166.86    127.90   86.61   84.10   89.27    0.87
  6    1200         58.80     87.60   85.52   81.94   89.43    0.86
  9    1400         44.07     48.19   83.54   83.02   84.07    0.84
 11    1600         51.24     43.77   83.36   81.48   85.33    0.83
 15    1800        327.55     63.25   81.12   88.01   75.24    0.81
 19    2000         60.50     35.74   85.65   83.84   87.54    0.86
[38;5;2m✔ Saved pipeline to output directory[0m
output/model-last
