nohup: ignoring input
2021-05-10 11:57:02.033713: W tensorflow/stream_executor/platform/default/dso_loader.cc:60] Could not load dynamic library 'libcudart.so.11.0'; dlerror: libcudart.so.11.0: cannot open shared object file: No such file or directory; LD_LIBRARY_PATH: /project/soft/linux64/src/gsl/2.4/lib64:/project/soft/linux64/src/gsl/2.4/lib:/usr/pgsql-12/lib:
2021-05-10 11:57:02.033750: I tensorflow/stream_executor/cuda/cudart_stub.cc:29] Ignore above cudart dlerror if you do not have a GPU set up on your machine.
[2021-05-10 11:57:03,706] [INFO] Set up nlp object from config
[2021-05-10 11:57:03,715] [INFO] Pipeline: ['tok2vec', 'ner']
[2021-05-10 11:57:03,719] [INFO] Created vocabulary
[2021-05-10 11:57:06,392] [INFO] Added vectors: en_core_web_lg
[2021-05-10 11:57:06,392] [INFO] Finished initializing nlp object
[2021-05-10 11:57:09,508] [INFO] Initialized pipeline components: ['tok2vec', 'ner']
[38;5;2m✔ Created output directory: output[0m
[38;5;4mℹ Using CPU[0m
[1m
=========================== Initializing pipeline ===========================[0m
[38;5;2m✔ Initialized pipeline[0m
[1m
============================= Training pipeline =============================[0m
[38;5;4mℹ Pipeline: ['tok2vec', 'ner'][0m
[38;5;4mℹ Initial learn rate: 0.001[0m
E    #       LOSS TOK2VEC  LOSS NER  ENTS_F  ENTS_P  ENTS_R  SCORE 
---  ------  ------------  --------  ------  ------  ------  ------
  0       0          0.00     38.67    0.00    0.00    0.00    0.00
  0     200          8.92    582.55   88.42   90.90   86.07    0.88
  0     400         23.58    272.28   94.79   90.24   99.83    0.95
  1     600         53.14    384.51   93.77   89.11   98.96    0.94
  1     800         35.46    314.95   94.83   90.31   99.83    0.95
  2    1000         33.84    397.11   79.64   95.27   68.41    0.80
  3    1200         30.42    391.85   93.41   91.91   94.95    0.93
  4    1400         49.76    372.74   91.79   92.64   90.95    0.92
  5    1600         75.00    405.82   94.81   90.63   99.39    0.95
  7    1800         72.63    380.47   93.74   91.75   95.82    0.94
  8    2000         84.14    343.71   92.58   91.79   93.39    0.93
 11    2200        109.93    276.25   94.33   91.09   97.82    0.94
 14    2400        148.66    194.94   94.09   91.32   97.04    0.94
[38;5;2m✔ Saved pipeline to output directory[0m
output/model-last
