nohup: ignoring input
2021-04-28 15:49:36.797540: W tensorflow/stream_executor/platform/default/dso_loader.cc:60] Could not load dynamic library 'libcudart.so.11.0'; dlerror: libcudart.so.11.0: cannot open shared object file: No such file or directory; LD_LIBRARY_PATH: /project/soft/linux64/src/gsl/2.4/lib64:/project/soft/linux64/src/gsl/2.4/lib:/usr/pgsql-12/lib:
2021-04-28 15:49:36.797576: I tensorflow/stream_executor/cuda/cudart_stub.cc:29] Ignore above cudart dlerror if you do not have a GPU set up on your machine.
[2021-04-28 15:49:38,461] [INFO] Set up nlp object from config
[2021-04-28 15:49:38,471] [INFO] Pipeline: ['tok2vec', 'ner']
[2021-04-28 15:49:38,474] [INFO] Created vocabulary
[2021-04-28 15:49:40,832] [INFO] Added vectors: en_core_web_lg
[2021-04-28 15:49:40,832] [INFO] Finished initializing nlp object
[2021-04-28 15:49:42,290] [INFO] Initialized pipeline components: ['tok2vec', 'ner']
[38;5;2m✔ Created output directory: output[0m
[38;5;4mℹ Using CPU[0m
[1m
=========================== Initializing pipeline ===========================[0m
[38;5;2m✔ Initialized pipeline[0m
[1m
============================= Training pipeline =============================[0m
[38;5;4mℹ Pipeline: ['tok2vec', 'ner'][0m
[38;5;4mℹ Initial learn rate: 0.001[0m
E    #       LOSS TOK2VEC  LOSS NER  ENTS_F  ENTS_P  ENTS_R  SCORE 
---  ------  ------------  --------  ------  ------  ------  ------
  0       0          0.00     34.33    0.00    0.00    0.00    0.00
  0     200          1.40    394.39   99.62   99.25  100.00    1.00
  1     400          6.42     29.80  100.00  100.00  100.00    1.00
  3     600          6.53     21.66   99.92   99.85  100.00    1.00
  4     800         16.06     35.21  100.00  100.00  100.00    1.00
  6    1000         10.27     16.45   99.92   99.85  100.00    1.00
  9    1200         15.56     21.93   99.70   99.40  100.00    1.00
 12    1400          7.38     13.85   99.85   99.70  100.00    1.00
 16    1600          0.00      0.00   99.85   99.70  100.00    1.00
 20    1800          0.00      0.00   99.85   99.70  100.00    1.00
 26    2000          0.00      0.00   99.85   99.70  100.00    1.00
[38;5;2m✔ Saved pipeline to output directory[0m
output/model-last
